Flow report for DE2_70
Tue Mar 20 11:40:03 2018
Quartus II 64-Bit Version 13.0.1 Build 232 06/12/2013 Service Pack 1 SJ Web Edition


---------------------
; Table of Contents ;
---------------------
  1. Legal Notice
  2. Flow Summary
  3. Flow Settings
  4. Flow Non-Default Global Settings
  5. Flow Elapsed Time
  6. Flow OS Summary
  7. Flow Log
  8. Flow Messages
  9. Flow Suppressed Messages



----------------
; Legal Notice ;
----------------
Copyright (C) 1991-2013 Altera Corporation
Your use of Altera Corporation's design tools, logic functions 
and other software and tools, and its AMPP partner logic 
functions, and any output files from any of the foregoing 
(including device programming or simulation files), and any 
associated documentation or information are expressly subject 
to the terms and conditions of the Altera Program License 
Subscription Agreement, Altera MegaCore Function License 
Agreement, or other applicable license agreement, including, 
without limitation, that your use is for the sole purpose of 
programming logic devices manufactured by Altera and sold by 
Altera or its authorized distributors.  Please refer to the 
applicable agreement for further details.



+--------------------------------------------------------------------------------------+
; Flow Summary                                                                         ;
+------------------------------------+-------------------------------------------------+
; Flow Status                        ; Successful - Tue Mar 20 11:40:00 2018           ;
; Quartus II 64-Bit Version          ; 13.0.1 Build 232 06/12/2013 SP 1 SJ Web Edition ;
; Revision Name                      ; DE2_70                                          ;
; Top-level Entity Name              ; de2_70                                          ;
; Family                             ; Cyclone II                                      ;
; Device                             ; EP2C70F896C6                                    ;
; Timing Models                      ; Final                                           ;
; Total logic elements               ; 3,912 / 68,416 ( 6 % )                          ;
;     Total combinational functions  ; 3,464 / 68,416 ( 5 % )                          ;
;     Dedicated logic registers      ; 2,509 / 68,416 ( 4 % )                          ;
; Total registers                    ; 2578                                            ;
; Total pins                         ; 40 / 622 ( 6 % )                                ;
; Total virtual pins                 ; 0                                               ;
; Total memory bits                  ; 98,048 / 1,152,000 ( 9 % )                      ;
; Embedded Multiplier 9-bit elements ; 4 / 300 ( 1 % )                                 ;
; Total PLLs                         ; 0 / 4 ( 0 % )                                   ;
+------------------------------------+-------------------------------------------------+


+-----------------------------------------+
; Flow Settings                           ;
+-------------------+---------------------+
; Option            ; Setting             ;
+-------------------+---------------------+
; Start date & time ; 03/20/2018 11:39:05 ;
; Main task         ; Compilation         ;
; Revision Name     ; DE2_70              ;
+-------------------+---------------------+


+---------------------------------------------------------------------------------------------------------------------------------------------------------------+
; Flow Non-Default Global Settings                                                                                                                              ;
+-------------------------------------+----------------------------------------------------------+---------------+---------------------------------+------------+
; Assignment Name                     ; Value                                                    ; Default Value ; Entity Name                     ; Section Id ;
+-------------------------------------+----------------------------------------------------------+---------------+---------------------------------+------------+
; COMPILER_SIGNATURE_ID               ; 70465359729243.152155674405596                           ; --            ; --                              ; --         ;
; IP_TOOL_ENV                         ; Qsys                                                     ; --            ; --                              ; --         ;
; IP_TOOL_ENV                         ; Qsys                                                     ; --            ; altera_avalon_sc_fifo           ; --         ;
; IP_TOOL_ENV                         ; Qsys                                                     ; --            ; altera_merlin_burst_adapter     ; --         ;
; IP_TOOL_ENV                         ; Qsys                                                     ; --            ; altera_merlin_master_agent      ; --         ;
; IP_TOOL_ENV                         ; Qsys                                                     ; --            ; altera_merlin_master_translator ; --         ;
; IP_TOOL_ENV                         ; Qsys                                                     ; --            ; altera_merlin_slave_agent       ; --         ;
; IP_TOOL_ENV                         ; Qsys                                                     ; --            ; altera_merlin_slave_translator  ; --         ;
; IP_TOOL_ENV                         ; Qsys                                                     ; --            ; altera_merlin_traffic_limiter   ; --         ;
; IP_TOOL_ENV                         ; Qsys                                                     ; --            ; altera_merlin_width_adapter     ; --         ;
; IP_TOOL_ENV                         ; Qsys                                                     ; --            ; altera_reset_controller         ; --         ;
; IP_TOOL_ENV                         ; Qsys                                                     ; --            ; de2_70_addr_router              ; --         ;
; IP_TOOL_ENV                         ; Qsys                                                     ; --            ; de2_70_addr_router_001          ; --         ;
; IP_TOOL_ENV                         ; Qsys                                                     ; --            ; de2_70_cmd_xbar_demux           ; --         ;
; IP_TOOL_ENV                         ; Qsys                                                     ; --            ; de2_70_cmd_xbar_demux_001       ; --         ;
; IP_TOOL_ENV                         ; Qsys                                                     ; --            ; de2_70_cmd_xbar_mux             ; --         ;
; IP_TOOL_ENV                         ; Qsys                                                     ; --            ; de2_70_id_router                ; --         ;
; IP_TOOL_ENV                         ; Qsys                                                     ; --            ; de2_70_id_router_002            ; --         ;
; IP_TOOL_ENV                         ; Qsys                                                     ; --            ; de2_70_id_router_003            ; --         ;
; IP_TOOL_ENV                         ; Qsys                                                     ; --            ; de2_70_irq_mapper               ; --         ;
; IP_TOOL_ENV                         ; Qsys                                                     ; --            ; de2_70_jtag_uart                ; --         ;
; IP_TOOL_ENV                         ; Qsys                                                     ; --            ; de2_70_nios                     ; --         ;
; IP_TOOL_ENV                         ; Qsys                                                     ; --            ; de2_70_onchip_memory            ; --         ;
; IP_TOOL_ENV                         ; Qsys                                                     ; --            ; de2_70_rsp_xbar_demux           ; --         ;
; IP_TOOL_ENV                         ; Qsys                                                     ; --            ; de2_70_rsp_xbar_demux_003       ; --         ;
; IP_TOOL_ENV                         ; Qsys                                                     ; --            ; de2_70_rsp_xbar_mux             ; --         ;
; IP_TOOL_ENV                         ; Qsys                                                     ; --            ; de2_70_rsp_xbar_mux_001         ; --         ;
; IP_TOOL_ENV                         ; Qsys                                                     ; --            ; de2_70_sdram                    ; --         ;
; IP_TOOL_NAME                        ; Qsys                                                     ; --            ; --                              ; --         ;
; IP_TOOL_NAME                        ; altera_avalon_sc_fifo                                    ; --            ; altera_avalon_sc_fifo           ; --         ;
; IP_TOOL_NAME                        ; altera_merlin_burst_adapter                              ; --            ; altera_merlin_burst_adapter     ; --         ;
; IP_TOOL_NAME                        ; altera_merlin_master_agent                               ; --            ; altera_merlin_master_agent      ; --         ;
; IP_TOOL_NAME                        ; altera_merlin_master_translator                          ; --            ; altera_merlin_master_translator ; --         ;
; IP_TOOL_NAME                        ; altera_merlin_slave_agent                                ; --            ; altera_merlin_slave_agent       ; --         ;
; IP_TOOL_NAME                        ; altera_merlin_slave_translator                           ; --            ; altera_merlin_slave_translator  ; --         ;
; IP_TOOL_NAME                        ; altera_merlin_traffic_limiter                            ; --            ; altera_merlin_traffic_limiter   ; --         ;
; IP_TOOL_NAME                        ; altera_merlin_width_adapter                              ; --            ; altera_merlin_width_adapter     ; --         ;
; IP_TOOL_NAME                        ; altera_reset_controller                                  ; --            ; altera_reset_controller         ; --         ;
; IP_TOOL_NAME                        ; altera_merlin_router                                     ; --            ; de2_70_addr_router              ; --         ;
; IP_TOOL_NAME                        ; altera_merlin_router                                     ; --            ; de2_70_addr_router_001          ; --         ;
; IP_TOOL_NAME                        ; altera_merlin_demultiplexer                              ; --            ; de2_70_cmd_xbar_demux           ; --         ;
; IP_TOOL_NAME                        ; altera_merlin_demultiplexer                              ; --            ; de2_70_cmd_xbar_demux_001       ; --         ;
; IP_TOOL_NAME                        ; altera_merlin_multiplexer                                ; --            ; de2_70_cmd_xbar_mux             ; --         ;
; IP_TOOL_NAME                        ; altera_merlin_router                                     ; --            ; de2_70_id_router                ; --         ;
; IP_TOOL_NAME                        ; altera_merlin_router                                     ; --            ; de2_70_id_router_002            ; --         ;
; IP_TOOL_NAME                        ; altera_merlin_router                                     ; --            ; de2_70_id_router_003            ; --         ;
; IP_TOOL_NAME                        ; altera_irq_mapper                                        ; --            ; de2_70_irq_mapper               ; --         ;
; IP_TOOL_NAME                        ; altera_avalon_jtag_uart                                  ; --            ; de2_70_jtag_uart                ; --         ;
; IP_TOOL_NAME                        ; altera_nios2_qsys                                        ; --            ; de2_70_nios                     ; --         ;
; IP_TOOL_NAME                        ; altera_avalon_onchip_memory2                             ; --            ; de2_70_onchip_memory            ; --         ;
; IP_TOOL_NAME                        ; altera_merlin_demultiplexer                              ; --            ; de2_70_rsp_xbar_demux           ; --         ;
; IP_TOOL_NAME                        ; altera_merlin_demultiplexer                              ; --            ; de2_70_rsp_xbar_demux_003       ; --         ;
; IP_TOOL_NAME                        ; altera_merlin_multiplexer                                ; --            ; de2_70_rsp_xbar_mux             ; --         ;
; IP_TOOL_NAME                        ; altera_merlin_multiplexer                                ; --            ; de2_70_rsp_xbar_mux_001         ; --         ;
; IP_TOOL_NAME                        ; altera_avalon_new_sdram_controller                       ; --            ; de2_70_sdram                    ; --         ;
; IP_TOOL_VERSION                     ; 13.0sp1                                                  ; --            ; --                              ; --         ;
; IP_TOOL_VERSION                     ; 13.0                                                     ; --            ; altera_avalon_sc_fifo           ; --         ;
; IP_TOOL_VERSION                     ; 13.0                                                     ; --            ; altera_merlin_burst_adapter     ; --         ;
; IP_TOOL_VERSION                     ; 13.0                                                     ; --            ; altera_merlin_master_agent      ; --         ;
; IP_TOOL_VERSION                     ; 13.0                                                     ; --            ; altera_merlin_master_translator ; --         ;
; IP_TOOL_VERSION                     ; 13.0                                                     ; --            ; altera_merlin_slave_agent       ; --         ;
; IP_TOOL_VERSION                     ; 13.0                                                     ; --            ; altera_merlin_slave_translator  ; --         ;
; IP_TOOL_VERSION                     ; 13.0                                                     ; --            ; altera_merlin_traffic_limiter   ; --         ;
; IP_TOOL_VERSION                     ; 13.0                                                     ; --            ; altera_merlin_width_adapter     ; --         ;
; IP_TOOL_VERSION                     ; 13.0                                                     ; --            ; altera_reset_controller         ; --         ;
; IP_TOOL_VERSION                     ; 13.0                                                     ; --            ; de2_70_addr_router              ; --         ;
; IP_TOOL_VERSION                     ; 13.0                                                     ; --            ; de2_70_addr_router_001          ; --         ;
; IP_TOOL_VERSION                     ; 13.0                                                     ; --            ; de2_70_cmd_xbar_demux           ; --         ;
; IP_TOOL_VERSION                     ; 13.0                                                     ; --            ; de2_70_cmd_xbar_demux_001       ; --         ;
; IP_TOOL_VERSION                     ; 13.0                                                     ; --            ; de2_70_cmd_xbar_mux             ; --         ;
; IP_TOOL_VERSION                     ; 13.0                                                     ; --            ; de2_70_id_router                ; --         ;
; IP_TOOL_VERSION                     ; 13.0                                                     ; --            ; de2_70_id_router_002            ; --         ;
; IP_TOOL_VERSION                     ; 13.0                                                     ; --            ; de2_70_id_router_003            ; --         ;
; IP_TOOL_VERSION                     ; 13.0                                                     ; --            ; de2_70_irq_mapper               ; --         ;
; IP_TOOL_VERSION                     ; 13.0.1.99.2                                              ; --            ; de2_70_jtag_uart                ; --         ;
; IP_TOOL_VERSION                     ; 13.0                                                     ; --            ; de2_70_nios                     ; --         ;
; IP_TOOL_VERSION                     ; 13.0.1.99.2                                              ; --            ; de2_70_onchip_memory            ; --         ;
; IP_TOOL_VERSION                     ; 13.0                                                     ; --            ; de2_70_rsp_xbar_demux           ; --         ;
; IP_TOOL_VERSION                     ; 13.0                                                     ; --            ; de2_70_rsp_xbar_demux_003       ; --         ;
; IP_TOOL_VERSION                     ; 13.0                                                     ; --            ; de2_70_rsp_xbar_mux             ; --         ;
; IP_TOOL_VERSION                     ; 13.0                                                     ; --            ; de2_70_rsp_xbar_mux_001         ; --         ;
; IP_TOOL_VERSION                     ; 13.0.1.99.2                                              ; --            ; de2_70_sdram                    ; --         ;
; MAX_CORE_JUNCTION_TEMP              ; 85                                                       ; --            ; --                              ; --         ;
; MIN_CORE_JUNCTION_TEMP              ; 0                                                        ; --            ; --                              ; --         ;
; MISC_FILE                           ; QSYS/de2_70/synthesis/../../de2_70.cmp                   ; --            ; --                              ; --         ;
; MISC_FILE                           ; QSYS/de2_70/synthesis/../../de2_70.qsys                  ; --            ; --                              ; --         ;
; PARTITION_COLOR                     ; 16764057                                                 ; --            ; --                              ; Top        ;
; PARTITION_FITTER_PRESERVATION_LEVEL ; PLACEMENT_AND_ROUTING                                    ; --            ; --                              ; Top        ;
; PARTITION_NETLIST_TYPE              ; SOURCE                                                   ; --            ; --                              ; Top        ;
; PROJECT_OUTPUT_DIRECTORY            ; output_files                                             ; --            ; --                              ; --         ;
; SLD_INFO                            ; QSYS_NAME de2_70 HAS_SOPCINFO 1 GENERATION_ID 1521555338 ; --            ; --                              ; --         ;
; SOPCINFO_FILE                       ; QSYS/de2_70/synthesis/../../de2_70.sopcinfo              ; --            ; --                              ; --         ;
; SYNTHESIS_ONLY_QIP                  ; On                                                       ; --            ; --                              ; --         ;
+-------------------------------------+----------------------------------------------------------+---------------+---------------------------------+------------+


+-------------------------------------------------------------------------------------------------------------------------------+
; Flow Elapsed Time                                                                                                             ;
+---------------------------+--------------+-------------------------+---------------------+------------------------------------+
; Module Name               ; Elapsed Time ; Average Processors Used ; Peak Virtual Memory ; Total CPU Time (on all processors) ;
+---------------------------+--------------+-------------------------+---------------------+------------------------------------+
; Analysis & Synthesis      ; 00:00:23     ; 1.0                     ; 616 MB              ; 00:00:19                           ;
; Fitter                    ; 00:00:21     ; 1.6                     ; 1171 MB             ; 00:00:23                           ;
; Assembler                 ; 00:00:04     ; 1.0                     ; 456 MB              ; 00:00:03                           ;
; TimeQuest Timing Analyzer ; 00:00:02     ; 1.0                     ; 503 MB              ; 00:00:02                           ;
; Total                     ; 00:00:50     ; --                      ; --                  ; 00:00:47                           ;
+---------------------------+--------------+-------------------------+---------------------+------------------------------------+


+----------------------------------------------------------------------------------------+
; Flow OS Summary                                                                        ;
+---------------------------+------------------+-----------+------------+----------------+
; Module Name               ; Machine Hostname ; OS Name   ; OS Version ; Processor type ;
+---------------------------+------------------+-----------+------------+----------------+
; Analysis & Synthesis      ; LAAI-PC          ; Windows 7 ; 6.1        ; x86_64         ;
; Fitter                    ; LAAI-PC          ; Windows 7 ; 6.1        ; x86_64         ;
; Assembler                 ; LAAI-PC          ; Windows 7 ; 6.1        ; x86_64         ;
; TimeQuest Timing Analyzer ; LAAI-PC          ; Windows 7 ; 6.1        ; x86_64         ;
+---------------------------+------------------+-----------+------------+----------------+


------------
; Flow Log ;
------------
quartus_map --read_settings_files=on --write_settings_files=off DE2_70 -c DE2_70
quartus_fit --read_settings_files=off --write_settings_files=off DE2_70 -c DE2_70
quartus_asm --read_settings_files=off --write_settings_files=off DE2_70 -c DE2_70
quartus_sta DE2_70 -c DE2_70



